OCRTest/build/intermediates/proguard-rules/release/aapt_rules.txt
# Referenced at processReleaseManifest\merged\AndroidManifest.xml:48
-keep class edu.sfsu.cs.orange.ocr.CaptureActivity { <init>(...); }
# Referenced at processReleaseManifest\merged\AndroidManifest.xml:60
-keep class edu.sfsu.cs.orange.ocr.HelpActivity { <init>(...); }
# Referenced at processReleaseManifest\merged\AndroidManifest.xml:69
-keep class edu.sfsu.cs.orange.ocr.PreferencesActivity { <init>(...); }
# Referenced at res\layout\capture.xml:27
-keep class edu.sfsu.cs.orange.ocr.ViewfinderView { <init>(...); }

# Referenced at res\layout\capture.xml:176
-keep class edu.sfsu.cs.orange.ocr.camera.ShutterButton { <init>(...); }