OCRTest/build/outputs/mapping/release/seeds.txt
edu.sfsu.cs.orange.ocr.BeepManager
edu.sfsu.cs.orange.ocr.BeepManager: BeepManager(android.app.Activity)
edu.sfsu.cs.orange.ocr.BeepManager: void updatePrefs()
edu.sfsu.cs.orange.ocr.BeepManager: void playBeepSoundAndVibrate()
edu.sfsu.cs.orange.ocr.BuildConfig
edu.sfsu.cs.orange.ocr.BuildConfig: boolean DEBUG
edu.sfsu.cs.orange.ocr.BuildConfig: java.lang.String APPLICATION_ID
edu.sfsu.cs.orange.ocr.BuildConfig: java.lang.String BUILD_TYPE
edu.sfsu.cs.orange.ocr.BuildConfig: java.lang.String FLAVOR
edu.sfsu.cs.orange.ocr.BuildConfig: int VERSION_CODE
edu.sfsu.cs.orange.ocr.BuildConfig: java.lang.String VERSION_NAME
edu.sfsu.cs.orange.ocr.BuildConfig: BuildConfig()
edu.sfsu.cs.orange.ocr.CaptureActivity
edu.sfsu.cs.orange.ocr.CaptureActivity: java.lang.String DEFAULT_SOURCE_LANGUAGE_CODE
edu.sfsu.cs.orange.ocr.CaptureActivity: java.lang.String DEFAULT_TARGET_LANGUAGE_CODE
edu.sfsu.cs.orange.ocr.CaptureActivity: java.lang.String DEFAULT_TRANSLATOR
edu.sfsu.cs.orange.ocr.CaptureActivity: java.lang.String DEFAULT_OCR_ENGINE_MODE
edu.sfsu.cs.orange.ocr.CaptureActivity: java.lang.String DEFAULT_PAGE_SEGMENTATION_MODE
edu.sfsu.cs.orange.ocr.CaptureActivity: boolean DEFAULT_TOGGLE_AUTO_FOCUS
edu.sfsu.cs.orange.ocr.CaptureActivity: boolean DEFAULT_DISABLE_CONTINUOUS_FOCUS
edu.sfsu.cs.orange.ocr.CaptureActivity: boolean DEFAULT_TOGGLE_BEEP
edu.sfsu.cs.orange.ocr.CaptureActivity: boolean DEFAULT_TOGGLE_CONTINUOUS
edu.sfsu.cs.orange.ocr.CaptureActivity: boolean DEFAULT_TOGGLE_REVERSED_IMAGE
edu.sfsu.cs.orange.ocr.CaptureActivity: boolean DEFAULT_TOGGLE_TRANSLATION
edu.sfsu.cs.orange.ocr.CaptureActivity: boolean DEFAULT_TOGGLE_LIGHT
edu.sfsu.cs.orange.ocr.CaptureActivity: CaptureActivity()
edu.sfsu.cs.orange.ocr.CaptureActivity: void onCreate(android.os.Bundle)
edu.sfsu.cs.orange.ocr.CaptureActivity: void onResume()
edu.sfsu.cs.orange.ocr.CaptureActivity: void surfaceCreated(android.view.SurfaceHolder)
edu.sfsu.cs.orange.ocr.CaptureActivity: void onPause()
edu.sfsu.cs.orange.ocr.CaptureActivity: void onDestroy()
edu.sfsu.cs.orange.ocr.CaptureActivity: boolean onKeyDown(int,android.view.KeyEvent)
edu.sfsu.cs.orange.ocr.CaptureActivityHandler$State: edu.sfsu.cs.orange.ocr.CaptureActivityHandler$State[] values()
edu.sfsu.cs.orange.ocr.CaptureActivityHandler$State: edu.sfsu.cs.orange.ocr.CaptureActivityHandler$State valueOf(java.lang.String)
edu.sfsu.cs.orange.ocr.HelpActivity
edu.sfsu.cs.orange.ocr.HelpActivity: java.lang.String REQUESTED_PAGE_KEY
edu.sfsu.cs.orange.ocr.HelpActivity: java.lang.String DEFAULT_PAGE
edu.sfsu.cs.orange.ocr.HelpActivity: java.lang.String ABOUT_PAGE
edu.sfsu.cs.orange.ocr.HelpActivity: java.lang.String TERMS_PAGE
edu.sfsu.cs.orange.ocr.HelpActivity: java.lang.String WHATS_NEW_PAGE
edu.sfsu.cs.orange.ocr.HelpActivity: HelpActivity()
edu.sfsu.cs.orange.ocr.HelpActivity: void onCreate(android.os.Bundle)
edu.sfsu.cs.orange.ocr.HelpActivity: void onSaveInstanceState(android.os.Bundle)
edu.sfsu.cs.orange.ocr.HelpActivity: boolean onKeyDown(int,android.view.KeyEvent)
edu.sfsu.cs.orange.ocr.LuminanceSource
edu.sfsu.cs.orange.ocr.LuminanceSource: LuminanceSource(int,int)
edu.sfsu.cs.orange.ocr.LuminanceSource: byte[] getRow(int,byte[])
edu.sfsu.cs.orange.ocr.LuminanceSource: byte[] getMatrix()
edu.sfsu.cs.orange.ocr.LuminanceSource: int getWidth()
edu.sfsu.cs.orange.ocr.LuminanceSource: int getHeight()
edu.sfsu.cs.orange.ocr.LuminanceSource: boolean isCropSupported()
edu.sfsu.cs.orange.ocr.LuminanceSource: edu.sfsu.cs.orange.ocr.LuminanceSource crop(int,int,int,int)
edu.sfsu.cs.orange.ocr.LuminanceSource: boolean isRotateSupported()
edu.sfsu.cs.orange.ocr.LuminanceSource: edu.sfsu.cs.orange.ocr.LuminanceSource rotateCounterClockwise()
...
com.googlecode.leptonica.android.Rotate
com.googlecode.leptonica.android.Rotate: boolean ROTATE_QUALITY
com.googlecode.leptonica.android.Rotate: Rotate()
com.googlecode.leptonica.android.Rotate: com.googlecode.leptonica.android.Pix rotate(com.googlecode.leptonica.android.Pix,float)
com.googlecode.leptonica.android.Rotate: com.googlecode.leptonica.android.Pix rotate(com.googlecode.leptonica.android.Pix,float,boolean)
com.googlecode.leptonica.android.Rotate: com.googlecode.leptonica.android.Pix rotate(com.googlecode.leptonica.android.Pix,float,boolean,boolean)
com.googlecode.leptonica.android.Rotate: com.googlecode.leptonica.android.Pix rotateOrth(com.googlecode.leptonica.android.Pix,int)
com.googlecode.leptonica.android.Rotate: int nativeRotateOrth(long,int)
com.googlecode.leptonica.android.Rotate: long nativeRotate(long,float,boolean,boolean)
com.googlecode.leptonica.android.Scale
com.googlecode.leptonica.android.Scale: Scale()
com.googlecode.leptonica.android.Scale: com.googlecode.leptonica.android.Pix scaleToSize(com.googlecode.leptonica.android.Pix,int,int,com.googlecode.leptonica.android.Scale$ScaleType)
com.googlecode.leptonica.android.Scale: com.googlecode.leptonica.android.Pix scale(com.googlecode.leptonica.android.Pix,float)
com.googlecode.leptonica.android.Scale: com.googlecode.leptonica.android.Pix scaleWithoutSharpening(com.googlecode.leptonica.android.Pix,float)
com.googlecode.leptonica.android.Scale: com.googlecode.leptonica.android.Pix scale(com.googlecode.leptonica.android.Pix,float,float)
com.googlecode.leptonica.android.Scale: long nativeScale(long,float,float)
com.googlecode.leptonica.android.Scale: long nativeScaleGeneral(long,float,float,float,int)
com.googlecode.leptonica.android.Scale$ScaleType
com.googlecode.leptonica.android.Scale$ScaleType: com.googlecode.leptonica.android.Scale$ScaleType FILL
com.googlecode.leptonica.android.Scale$ScaleType: com.googlecode.leptonica.android.Scale$ScaleType FIT
com.googlecode.leptonica.android.Scale$ScaleType: com.googlecode.leptonica.android.Scale$ScaleType FIT_SHRINK
com.googlecode.leptonica.android.Scale$ScaleType: com.googlecode.leptonica.android.Scale$ScaleType[] values()
com.googlecode.leptonica.android.Scale$ScaleType: com.googlecode.leptonica.android.Scale$ScaleType valueOf(java.lang.String)
com.googlecode.leptonica.android.Skew
com.googlecode.leptonica.android.Skew: float SWEEP_RANGE
com.googlecode.leptonica.android.Skew: float SWEEP_DELTA
com.googlecode.leptonica.android.Skew: int SWEEP_REDUCTION
com.googlecode.leptonica.android.Skew: int SEARCH_REDUCTION
com.googlecode.leptonica.android.Skew: float SEARCH_MIN_DELTA
com.googlecode.leptonica.android.Skew: Skew()
com.googlecode.leptonica.android.Skew: float findSkew(com.googlecode.leptonica.android.Pix)
com.googlecode.leptonica.android.Skew: float findSkew(com.googlecode.leptonica.android.Pix,float,float,int,int,float)
com.googlecode.leptonica.android.Skew: float nativeFindSkew(long,float,float,int,int,float)
com.googlecode.leptonica.android.WriteFile
com.googlecode.leptonica.android.WriteFile: WriteFile()
com.googlecode.leptonica.android.WriteFile: byte[] writeBytes8(com.googlecode.leptonica.android.Pix)
com.googlecode.leptonica.android.WriteFile: int writeBytes8(com.googlecode.leptonica.android.Pix,byte[])
com.googlecode.leptonica.android.WriteFile: boolean writeImpliedFormat(com.googlecode.leptonica.android.Pix,java.io.File)
com.googlecode.leptonica.android.WriteFile: android.graphics.Bitmap writeBitmap(com.googlecode.leptonica.android.Pix)
com.googlecode.leptonica.android.WriteFile: int nativeWriteBytes8(long,byte[])
com.googlecode.leptonica.android.WriteFile: boolean nativeWriteImpliedFormat(long,java.lang.String)
com.googlecode.leptonica.android.WriteFile: boolean nativeWriteBitmap(long,android.graphics.Bitmap)